otter_ax(1,ev_ax).
otter_ax(2,odd_ax).
otter_ax(3,even_or_odd).
otter_ax(4,goal).
:- call(compile_term([
ax_name(ev_ax,;(not(even(_11551)), ;(not(even(_11559)), even(+(_11551, _11559)))),true,[]),
ax_name(odd_ax,;(not(odd(_11551)), ;(not(odd(_11559)), even(+(_11551, _11559)))),true,[]),
ax_name(even_or_odd,;(even(_11549), odd(_11549)),true,[]),
ax_name(goal,not(even(+(a, a))),true,[])]))@axioms.
:- call(compile_term([
proof([1, global], control, proved),
proof([1, 1], contents, ;(not(even(_16437)), ;(not(even(_16447)), even(+(_16437, _16447))))),
proof([1, 1], predecessors, []),
proof([1, ax(1)], predecessors, []),
proof([1, ax(1)], status, axiom(ev_ax)),
proof([1, ax(1)], contents, ;(not(even(_17769)), ;(not(even(_17777)), even(+(_17769, _17777))))),
proof([1, 1], status, [intro, [ax(1)]]),
proof([1, 2], contents, ;(not(odd(_16437)), ;(not(odd(_16447)), even(+(_16437, _16447))))),
proof([1, 2], predecessors, [[1, 1]]),
proof([1, ax(2)], predecessors, []),
proof([1, ax(2)], status, axiom(odd_ax)),
proof([1, ax(2)], contents, ;(not(odd(_17819)), ;(not(odd(_17827)), even(+(_17819, _17827))))),
proof([1, 2], status, [intro, [ax(2)]]),
proof([1, 3], contents, not(even(+(a, a)))),
proof([1, 3], predecessors, [[1, 2]]),
proof([1, ax(4)], predecessors, []),
proof([1, ax(4)], status, axiom(goal)),
proof([1, ax(4)], contents, not(even(+(a, a)))),
proof([1, 3], status, [intro, [ax(4)]]),
proof([1, 4], contents, ;(not(even(_16947)), even(+(_16947, _16947)))),
proof([1, 4], predecessors, [[1, 3]]),
proof([1, 4], status, [factor, [1, 1, 2]]),
proof([1, 5], contents, ;(not(odd(_16945)), even(+(_16945, _16945)))),
proof([1, 5], predecessors, [[1, 4]]),
proof([1, 5], status, [factor, [2, 1, 2]]),
proof([1, 6], contents, ;(even(_14937), odd(_14937))),
proof([1, 6], predecessors, [[1, 5]]),
proof([1, ax(3)], predecessors, []),
proof([1, ax(3)], status, axiom(even_or_odd)),
proof([1, ax(3)], contents, ;(even(_15787), odd(_15787))),
proof([1, 6], status, [intro, [ax(3)]]),
proof([1, 7], contents, ;(even(_16777), even(+(_16777, _16777)))),
proof([1, 7], predecessors, [[1, 6]]),
proof([1, 7], status, [hyper, 5, [6, 2]]),
proof([1, 9], contents, even(+(_16284, _16284))),
proof([1, 9], predecessors, [[1, 7]]),
proof([1, 9], status, [hyper, 4, [7, 1], factor_simp]),
proof([1, 10], contents, false),
proof([1, 10], predecessors, [[1, 9]]),
proof([1, 10], status, [binary, [9, 1], [3, 1]]),
proof_object(1, [input], [[not, [even, v0]], [not, [even, v1]], [even, [+, v0, v1]]]),
proof_object(2, [input], [[not, [odd, v0]], [not, [odd, v1]], [even, [+, v0, v1]]]),
proof_object(3, [input], [[not, [even, [+, [a], [a]]]]]),
proof_object(4, [instantiate, 1, [[v0, ., v1]]], [[not, [even, v1]], [not, [even, v1]], [even, [+, v1, v1]]]),
proof_object(5, [merge, 4, [2]], [[not, [even, v1]], [even, [+, v1, v1]]]),
proof_object(6, [instantiate, 5, [[v1, ., v0]]], [[not, [even, v0]], [even, [+, v0, v0]]]),
proof_object(7, [instantiate, 2, [[v0, ., v1]]], [[not, [odd, v1]], [not, [odd, v1]], [even, [+, v1, v1]]]),
proof_object(8, [merge, 7, [2]], [[not, [odd, v1]], [even, [+, v1, v1]]]),
proof_object(9, [instantiate, 8, [[v1, ., v0]]], [[not, [odd, v0]], [even, [+, v0, v0]]]),
proof_object(10, [input], [[even, v0], [odd, v0]]),
proof_object(11, [instantiate, 9, [[v0, ., v64]]], [[not, [odd, v64]], [even, [+, v64, v64]]])
]))@situation.

