otter_ax(1,ax(1)).
otter_ax(2,ax(2)).
otter_ax(3,ax(3)).
otter_ax(4,ax(4)).
otter_ax(5,ax(5)).
otter_ax(6,ax(6)).
otter_ax(7,ax(7)).
otter_ax(8,ax(8)).
otter_ax(9,ax(9)).
otter_ax(10,ax(10)).
otter_ax(11,goal).
?- io_module(axioms).
ax_name(ax(1),=(*(*(_485, _486), _483), *(_485, *(_486, _483))),true,[]).
ax_name(ax(2),=(*(_482, 0), _482),true,[]).
ax_name(ax(3),=(*(0, _483), _483),true,[]).
ax_name(ax(4),=(*(_482, #(_482)), 0),true,[]).
ax_name(ax(5),=(*(#(_485), _485), 0),true,[]).
ax_name(ax(6),=(#(#(_484)), _484),true,[]).
ax_name(ax(7),=(#(*(_484, _485)), *(#(_485), #(_484))),true,[]).
ax_name(ax(8),->(=(*(*(_488, _488), *(_488, _488)), _488), =(*(_488, _488), _488)),true,[]).
ax_name(ax(9),=(*(*(_485, _486), *(_485, _486)), *(*(_486, _486), *(_485, _485))),true,[]).
ax_name(ax(10),=(*(*(*(_488, _488), _488), _483), *(_483, *(*(_488, _488), _488))),true,[]).
ax_name(goal,=(*(_479, _480), *(_480, _479)),true,[]).
?- io_module(situation).
proof([1, global], control, proved).
proof([1, 1], contents, ->(=(*(*(_1082, _1082), *(_1082, _1082)), _1082), =(*(_1082, _1082), _1082))).
proof([1, 1], predecessors, []).
proof([1, ax(8)], predecessors, []).
proof([1, ax(8)], status, axiom(ax(8))).
proof([1, ax(8)], contents, ->(=(*(*(_1367, _1367), *(_1367, _1367)), _1367), =(*(_1367, _1367), _1367))).
proof([1, 1], status, rule([intro], [[1, ax(8)]])).
proof([1, 3], contents, =(*(_853, _867), *(_867, _853))).
proof([1, 3], predecessors, [[1, 1]]).
proof([1, ax(11)], predecessors, []).
proof([1, ax(11)], status, axiom(goal)).
proof([1, ax(11)], contents, =(*(_1063, _1064), *(_1064, _1063))).
proof([1, 3], status, rule([intro], [[1, ax(11)]])).
proof([1, 4], contents, =(*(*(_994, _1008), _1027), *(_994, *(_1008, _1027)))).
proof([1, 4], predecessors, [[1, 3]]).
proof([1, ax(1)], predecessors, []).
proof([1, ax(1)], status, axiom(ax(1))).
proof([1, ax(1)], contents, =(*(*(_1257, _1258), _1255), *(_1257, *(_1258, _1255)))).
proof([1, 4], status, rule([intro], [[1, ax(1)]])).
proof([1, 5], contents, =(*(_815, 0), _815)).
proof([1, 5], predecessors, [[1, 4]]).
proof([1, ax(2)], predecessors, []).
proof([1, ax(2)], status, axiom(ax(2))).
proof([1, ax(2)], contents, =(*(_995, 0), _995)).
proof([1, 5], status, rule([intro], [[1, ax(2)]])).
proof([1, 6], contents, =(*(_1063, #(_1063)), 0)).
proof([1, 6], predecessors, [[1, 5]]).
proof([1, ax(4)], predecessors, []).
proof([1, ax(4)], status, axiom(ax(4))).
proof([1, ax(4)], contents, =(*(_1256, #(_1256)), 0)).
proof([1, 6], status, rule([intro], [[1, ax(4)]])).
proof([1, 7], contents, =(*(#(_1072), _1072), 0)).
proof([1, 7], predecessors, [[1, 6]]).
proof([1, ax(5)], predecessors, []).
proof([1, ax(5)], status, axiom(ax(5))).
proof([1, ax(5)], contents, =(*(#(_1259), _1259), 0)).
proof([1, 7], status, rule([intro], [[1, ax(5)]])).
proof([1, 8], contents, =(*(0, _824), _824)).
proof([1, 8], predecessors, [[1, 7]]).
proof([1, ax(3)], predecessors, []).
proof([1, ax(3)], status, axiom(ax(3))).
proof([1, ax(3)], contents, =(*(0, _996), _996)).
proof([1, 8], status, rule([intro], [[1, ax(3)]])).
proof([1, 9], contents, =(#(#(_1036)), _1036)).
proof([1, 9], predecessors, [[1, 8]]).
proof([1, ax(6)], predecessors, []).
proof([1, ax(6)], status, axiom(ax(6))).
proof([1, ax(6)], contents, =(#(#(_1212)), _1212)).
proof([1, 9], status, rule([intro], [[1, ax(6)]])).
proof([1, 10], contents, =(#(*(_1271, _1285)), *(#(_1285), #(_1271)))).
proof([1, 10], predecessors, [[1, 9]]).
proof([1, ax(7)], predecessors, []).
proof([1, ax(7)], status, axiom(ax(7))).
proof([1, ax(7)], contents, =(#(*(_1516, _1517)), *(#(_1517), #(_1516)))).
proof([1, 10], status, rule([intro], [[1, ax(7)]])).
proof([1, 14], contents, =(*(*(_1123, _1137), *(_1123, _1137)), *(*(_1137, _1137), *(_1123, _1123)))).
proof([1, 14], predecessors, [[1, 10]]).
proof([1, ax(9)], predecessors, []).
proof([1, ax(9)], status, axiom(ax(9))).
proof([1, ax(9)], contents, =(*(*(_1440, _1441), *(_1440, _1441)), *(*(_1441, _1441), *(_1440, _1440)))).
proof([1, 14], status, rule([intro], [[1, ax(9)]])).
proof([1, 15], contents, =(*(_1458, *(_1483, *(_1458, _1483))), *(_1483, *(_1483, *(_1458, _1458))))).
proof([1, 15], predecessors, [[1, 14]]).
proof([1, 15], status, rule([copy(14), rewrite([[4, 3], [4, 6]])], [[1, 14], [1, 4], [1, 4]])).
proof([1, 16], contents, =(*(*(*(_1134, _1134), _1134), _1182), *(_1182, *(*(_1134, _1134), _1134)))).
proof([1, 16], predecessors, [[1, 15]]).
proof([1, ax(10)], predecessors, []).
proof([1, ax(10)], status, axiom(ax(10))).
proof([1, ax(10)], contents, =(*(*(*(_1443, _1443), _1443), _1438), *(_1438, *(*(_1443, _1443), _1443)))).
proof([1, 16], status, rule([intro], [[1, ax(10)]])).
proof([1, 17], contents, =(*(_1749, *(_1774, *(_1774, _1774))), *(_1774, *(_1774, *(_1774, _1749))))).
proof([1, 17], predecessors, [[1, 16]]).
proof([1, 17], status, rule([copy(16), rewrite([[4, 2], [4, 3], [4, 2], [4, 5]]), flip(a)], [[1, 16], [1, 4], [1, 4], [1, 4], [1, 4]])).
proof([1, 18], contents, ;(not(=(*(*(_1099, _1099), *(_1099, _1099)), _1099)), =(*(_1099, _1099), _1099))).
proof([1, 18], predecessors, [[1, 17]]).
proof([1, 18], status, rule([clausify(1)], [[1, 1]])).
proof([1, 19], contents, ;(not(=(*(_1279, *(_1279, *(_1279, _1279))), _1279)), =(*(_1279, _1279), _1279))).
proof([1, 19], predecessors, [[1, 18]]).
proof([1, 19], status, rule([copy(18), rewrite([[4, 3]])], [[1, 18], [1, 4]])).
proof([1, 20], contents, not(=(*(c4, c3), *(c3, c4)))).
proof([1, 20], predecessors, [[1, 19]]).
proof([1, 20], status, rule([deny(3)], [[1, 3]])).
proof([1, 21], contents, =(*(_2382, *(#(_2382), _2432)), _2432)).
proof([1, 21], predecessors, [[1, 20]]).
proof([1, 21], status, rule([para([6, a, 1], [4, a, 1, 1]), rewrite([[8, 2]]), flip(a)], [[1, 6], [1, 4], [1, 8]])).
proof([1, 22], contents, =(*(#(_2391), *(_2391, _2432)), _2432)).
proof([1, 22], predecessors, [[1, 21]]).
proof([1, 22], status, rule([para([7, a, 1], [4, a, 1, 1]), rewrite([[8, 2]]), flip(a)], [[1, 7], [1, 4], [1, 8]])).
proof([1, 24], contents, =(*(_2264, *(_2289, *(_2264, *(_2289, _2349)))), *(_2289, *(_2289, *(_2264, *(_2264, _2349)))))).
proof([1, 24], predecessors, [[1, 22]]).
proof([1, 24], status, rule([para([15, a, 1], [4, a, 1, 1]), rewrite([[4, 4], [4, 3], [4, 2], [4, 7], [4, 6]]), flip(a)], [[1, 15], [1, 4], [1, 4], [1, 4], [1, 4], [1, 4], [1, 4]])).
proof([1, 25], contents, =(*(#(_2725), *(_2754, *(_2725, *(_2725, _2725)))), *(_2725, *(_2725, _2754)))).
proof([1, 25], predecessors, [[1, 24]]).
proof([1, 25], status, rule([para([21, a, 1], [17, a, 2, 2, 2]), rewrite([[4, 5]])], [[1, 21], [1, 17], [1, 4]])).
proof([1, 26], contents, =(*(_2463, *(_2488, *(#(_2463), *(#(_2463), #(_2463))))), *(#(_2463), *(#(_2463), _2488)))).
proof([1, 26], predecessors, [[1, 25]]).
proof([1, 26], status, rule([para([17, a, 2], [21, a, 1, 2])], [[1, 17], [1, 21]])).
proof([1, 27], contents, =(*(_2937, *(_2937, *(_2985, *(_2985, #(_2937))))), *(_2985, *(_2937, _2985)))).
proof([1, 27], predecessors, [[1, 26]]).
proof([1, 27], status, rule([para([6, a, 1], [24, a, 1, 2, 2, 2]), rewrite([[5, 2]]), flip(a)], [[1, 6], [1, 24], [1, 5]])).
proof([1, 28], contents, =(*(_2792, *(_2817, *(_2792, *(_2817, #(_2792))))), *(_2817, *(_2817, _2792)))).
proof([1, 28], predecessors, [[1, 27]]).
proof([1, 28], status, rule([para([6, a, 1], [24, a, 2, 2, 2, 2]), rewrite([[5, 7]])], [[1, 6], [1, 24], [1, 5]])).
proof([1, 29], contents, ;(not(=(*(_3284, *(_3284, *(_3332, *(_3284, *(_3284, *(_3284, *(_3332, *(_3284, *(_3284, *(_3284, *(_3332, _3332))))))))))), *(_3284, *(_3284, _3332)))), =(*(_3284, *(_3284, *(_3332, *(_3284, *(_3284, _3332))))), *(_3284, *(_3284, _3332))))).
proof([1, 29], predecessors, [[1, 28]]).
proof([1, 29], status, rule([para([24, a, 2], [19, a, 1, 2]), rewrite([[4, 7], [4, 6], [4, 9], [4, 8], [4, 11], [4, 10], [4, 19], [4, 18]])], [[1, 24], [1, 19], [1, 4], [1, 4], [1, 4], [1, 4], [1, 4], [1, 4], [1, 4], [1, 4]])).
proof([1, 30], contents, =(*(_2644, *(_2669, *(_2644, *(_2669, *(#(_2644), _2765))))), *(_2669, *(_2669, *(_2644, _2765))))).
proof([1, 30], predecessors, [[1, 29]]).
proof([1, 30], status, rule([para([21, a, 1], [24, a, 2, 2, 2, 2])], [[1, 21], [1, 24]])).
proof([1, 32], contents, =(*(#(_2840), *(_2869, *(_2869, _2840))), *(_2840, *(_2869, *(#(_2840), _2869))))).
proof([1, 32], predecessors, [[1, 30]]).
proof([1, 32], status, rule([para([27, a, 1], [21, a, 1, 2]), rewrite([[9, 7]]), flip(a)], [[1, 27], [1, 21], [1, 9]])).
proof([1, 33], contents, =(*(#(_2332), *(_2361, *(_2332, _2361))), *(_2332, *(_2361, *(_2361, #(_2332)))))).
proof([1, 33], predecessors, [[1, 32]]).
proof([1, 33], status, rule([para([27, a, 1], [22, a, 1, 2])], [[1, 27], [1, 22]])).
proof([1, 34], contents, =(*(#(_3947), *(_3976, *(_3947, *(_3976, _4036)))), *(_3947, *(_3976, *(_3976, *(#(_3947), _4036)))))).
proof([1, 34], predecessors, [[1, 33]]).
proof([1, 34], status, rule([para([33, a, 1], [4, a, 1, 1]), rewrite([[4, 5], [4, 4], [4, 3], [4, 9], [4, 8]]), flip(a)], [[1, 33], [1, 4], [1, 4], [1, 4], [1, 4], [1, 4], [1, 4]])).
proof([1, 36], contents, =(*(_3030, *(_3055, *(_3055, *(#(_3030), #(_3055))))), *(#(_3030), *(_3055, _3030)))).
proof([1, 36], predecessors, [[1, 34]]).
proof([1, 36], status, rule([para([6, a, 1], [34, a, 1, 2, 2, 2]), rewrite([[5, 3]]), flip(a)], [[1, 6], [1, 34], [1, 5]])).
proof([1, 37], contents, =(*(#(_4530), *(_4559, *(_4530, *(_4530, #(_4559))))), *(#(_4559), *(_4530, _4559)))).
proof([1, 37], predecessors, [[1, 36]]).
proof([1, 37], status, rule([para([21, a, 1], [36, a, 2, 2]), rewrite([[10, 5], [9, 5], [4, 6], [6, 5], [5, 5], [4, 6], [10, 9], [9, 9], [4, 9]])], [[1, 21], [1, 36], [1, 10], [1, 9], [1, 4], [1, 6], [1, 5], [1, 4], [1, 10], [1, 9], [1, 4]])).
proof([1, 38], contents, =(*(_3288, *(_3313, *(_3288, *(#(_3313), *(#(_3288), _3313))))), *(_3313, _3288))).
proof([1, 38], predecessors, [[1, 37]]).
proof([1, 38], status, rule([para([36, a, 1], [30, a, 1, 2, 2, 2]), rewrite([[9, 11], [21, 12], [21, 10]])], [[1, 36], [1, 30], [1, 9], [1, 21], [1, 21]])).
proof([1, 40], contents, =(*(#(_3194), *(_3223, *(_3194, *(#(_3223), _3194)))), *(_3223, *(_3194, #(_3223))))).
proof([1, 40], predecessors, [[1, 38]]).
proof([1, 40], status, rule([para([9, a, 1], [37, a, 1, 2, 2, 2, 2]), rewrite([[32, 5], [9, 8]])], [[1, 9], [1, 37], [1, 32], [1, 9]])).
proof([1, 41], contents, =(*(#(_4051), *(#(_4089), *(_4051, _4089))), *(_4051, *(_4089, *(#(_4051), #(_4089)))))).
proof([1, 41], predecessors, [[1, 40]]).
proof([1, 41], status, rule([para([37, a, 1], [25, a, 2, 2]), rewrite([[9, 2], [4, 10], [4, 9], [4, 8], [26, 8], [21, 6]]), flip(a)], [[1, 37], [1, 25], [1, 9], [1, 4], [1, 4], [1, 4], [1, 26], [1, 21]])).
proof([1, 42], contents, =(*(_8692, *(_8717, *(_8692, *(#(_8717), #(_8692))))), *(_8717, *(_8692, #(_8717))))).
proof([1, 42], predecessors, [[1, 41]]).
proof([1, 42], status, rule([para([27, a, 1], [37, a, 2, 2]), rewrite([[10, 10], [10, 9], [10, 8], [9, 7], [4, 9], [4, 11], [4, 10], [27, 12], [4, 11], [4, 10], [4, 9], [22, 8], [21, 6], [22, 6], [10, 8], [10, 7], [10, 6], [9, 5], [4, 7], [4, 9], [4, 8], [4, 12], [4, 11], [4, 10], [33, 9], [37, 10], [41, 8]]), flip(a)], [[1, 27], [1, 37], [1, 10], [1, 10], [1, 10], [1, 9], [1, 4], [1, 4], [1, 4], [1, 27], [1, 4], [1, 4], [1, 4], [1, 22], [1, 21], [1, 22], [1, 10], [1, 10], [1, 10], [1, 9], [1, 4], [1, 4], [1, 4], [1, 4], [1, 4], [1, 4], [1, 33], [1, 37], [1, 41]])).
proof([1, 43], contents, =(*(_3848, *(#(_3882), *(_3848, *(_3882, #(_3848))))), *(#(_3882), *(_3848, _3882)))).
proof([1, 43], predecessors, [[1, 42]]).
proof([1, 43], status, rule([para([37, a, 1], [34, a, 2, 2, 2]), rewrite([[9, 5], [22, 6], [33, 5], [37, 6], [9, 6]]), flip(a)], [[1, 37], [1, 34], [1, 9], [1, 22], [1, 33], [1, 37], [1, 9]])).
proof([1, 44], contents, =(*(_2022, *(_2047, *(_2047, _2022))), *(_2047, *(_2022, *(_2022, _2047))))).
proof([1, 44], predecessors, [[1, 43]]).
proof([1, 44], status, rule([para([42, a, 1], [30, a, 1, 2, 2, 2]), rewrite([[9, 3], [21, 4], [9, 5], [28, 8]])], [[1, 42], [1, 30], [1, 9], [1, 21], [1, 9], [1, 28]])).
proof([1, 45], contents, =(*(_6039, *(_6064, *(#(_6039), *(#(_6039), *(_6064, _6039))))), *(_6064, _6064))).
proof([1, 45], predecessors, [[1, 44]]).
proof([1, 45], status, rule([para([36, a, 1], [44, a, 1, 2, 2]), rewrite([[21, 9], [4, 7], [4, 6], [4, 5], [22, 4], [7, 2], [5, 2], [4, 12], [4, 11], [4, 10], [4, 13], [4, 12], [4, 11], [22, 10], [30, 9]]), flip(a)], [[1, 36], [1, 44], [1, 21], [1, 4], [1, 4], [1, 4], [1, 22], [1, 7], [1, 5], [1, 4], [1, 4], [1, 4], [1, 4], [1, 4], [1, 4], [1, 22], [1, 30]])).
proof([1, 46], contents, =(*(#(_9119), *(_9148, *(_9119, #(_9148)))), *(_9119, *(_9148, *(#(_9119), #(_9148)))))).
proof([1, 46], predecessors, [[1, 45]]).
proof([1, 46], status, rule([para([40, a, 1], [29, a, 2, 2]), rewrite([[4, 25], [4, 24], [4, 23], [34, 23], [34, 26], [22, 23], [22, 24], [4, 23], [4, 22], [4, 21], [21, 20], [22, 18], [30, 17], [21, 12], [22, 12], [22, 10], [7, 8], [5, 8], [40, 7], [40, 24], [4, 23], [4, 22], [4, 21], [21, 20], [22, 18], [37, 18], [41, 16], [40, 23]]), flip(b), xx(a)], [[1, 40], [1, 29], [1, 4], [1, 4], [1, 4], [1, 34], [1, 34], [1, 22], [1, 22], [1, 4], [1, 4], [1, 4], [1, 21], [1, 22], [1, 30], [1, 21], [1, 22], [1, 22], [1, 7], [1, 5], [1, 40], [1, 40], [1, 4], [1, 4], [1, 4], [1, 21], [1, 22], [1, 37], [1, 41], [1, 40]])).
proof([1, 47], contents, =(*(#(_2269), *(_2298, _2269)), *(_2269, *(_2298, #(_2269))))).
proof([1, 47], predecessors, [[1, 46]]).
proof([1, 47], status, rule([back_rewrite(43), rewrite([[46, 5], [42, 6]]), flip(a)], [[1, 43], [1, 46], [1, 42]])).
proof([1, 48], contents, =(*(_2068, *(_2093, *(_2093, #(_2068)))), *(_2093, _2093))).
proof([1, 48], predecessors, [[1, 47]]).
proof([1, 48], status, rule([back_rewrite(45), rewrite([[47, 4], [22, 5]])], [[1, 45], [1, 47], [1, 22]])).
proof([1, 49], contents, =(*(_2068, *(_2068, *(_2116, #(_2068)))), *(_2116, _2068))).
proof([1, 49], predecessors, [[1, 48]]).
proof([1, 49], status, rule([back_rewrite(38), rewrite([[47, 4], [42, 6]])], [[1, 38], [1, 47], [1, 42]])).
proof([1, 50], contents, =(*(_2250, *(_2275, #(_2250))), _2275)).
proof([1, 50], predecessors, [[1, 49]]).
proof([1, 50], status, rule([back_rewrite(37), rewrite([[48, 5], [22, 3], [47, 3]]), flip(a)], [[1, 37], [1, 48], [1, 22], [1, 47]])).
proof([1, 53], contents, =(*(_1096, _1110), *(_1110, _1096))).
proof([1, 53], predecessors, [[1, 50]]).
proof([1, 53], status, rule([back_rewrite(49), rewrite([[50, 3]])], [[1, 49], [1, 50]])).
proof([1, 54], contents, false).
proof([1, 54], predecessors, [[1, 53]]).
proof([1, 54], status, rule([resolve(53, a, 20, a)], [[1, 53], [1, 20]])).
