proved.
used_formula([1], [], (x * x) * (x * x) = x -> x * x = x # label(non_clause)).
used_formula([3], [goal], x * y = y * x # label(non_clause) # label(goal)).
used_formula([4], [], (x * y) * z = x * (y * z)).
used_formula([5], [], x * 0 = x).
used_formula([6], [], x * x' = 0).
used_formula([7], [], x' * x = 0).
used_formula([9], [], x'' = x).
used_formula([10], [], (x * y)' = y' * x').
used_formula([14], [], (x * y) * (x * y) = (y * y) * (x * x)).
used_formula([15], [copy(14),rewrite([[4,3],[4,6]])], x * (y * (x * y)) = y * (y * (x * x))).
used_formula([16], [], ((x * x) * x) * y = y * ((x * x) * x)).
used_formula([17], [copy(16),rewrite([[4,2],[4,3],[4,2],[4,5]]),flip(a)], x * (y * (y * y)) = y * (y * (y * x))).
used_formula([18], [clausify(1)], (x * x) * (x * x) != x | x * x = x).
used_formula([19], [copy(18),rewrite([[4,3]])], x * (x * (x * x)) != x | x * x = x).
used_formula([20], [deny(3)], c4 * c3 != c3 * c4).
used_formula([21], [para([6,a,1],[4,a,1,1]),rewrite([[8,2]]),flip(a)], x * (x' * y) = y).
used_formula([22], [para([7,a,1],[4,a,1,1]),rewrite([[8,2]]),flip(a)], x' * (x * y) = y).
used_formula([24], [para([15,a,1],[4,a,1,1]),rewrite([[4,4],[4,3],[4,2],[4,7],[4,6]]),flip(a)], x * (y * (x * (y * z))) = y * (y * (x * (x * z)))).
used_formula([25], [para([21,a,1],[17,a,2,2,2]),rewrite([[4,5]])], x' * (y * (x * (x * x))) = x * (x * y)).
used_formula([26], [para([17,a,2],[21,a,1,2])], x * (y * (x' * (x' * x'))) = x' * (x' * y)).
used_formula([27], [para([6,a,1],[24,a,1,2,2,2]),rewrite([[5,2]]),flip(a)], x * (x * (y * (y * x'))) = y * (x * y)).
used_formula([28], [para([6,a,1],[24,a,2,2,2,2]),rewrite([[5,7]])], x * (y * (x * (y * x'))) = y * (y * x)).
used_formula([29], [para([24,a,2],[19,a,1,2]),rewrite([[4,7],[4,6],[4,9],[4,8],[4,11],[4,10],[4,19],[4,18]])], x * (x * (y * (x * (x * (x * (y * (x * (x * (x * (y * y)))))))))) != x * (x * y) | x * (x * (y * (x * (x * y)))) = x * (x * y)).
used_formula([30], [para([21,a,1],[24,a,2,2,2,2])], x * (y * (x * (y * (x' * z)))) = y * (y * (x * z))).
used_formula([32], [para([27,a,1],[21,a,1,2]),rewrite([[9,7]]),flip(a)], x' * (y * (y * x)) = x * (y * (x' * y))).
used_formula([33], [para([27,a,1],[22,a,1,2])], x' * (y * (x * y)) = x * (y * (y * x'))).
used_formula([34], [para([33,a,1],[4,a,1,1]),rewrite([[4,5],[4,4],[4,3],[4,9],[4,8]]),flip(a)], x' * (y * (x * (y * z))) = x * (y * (y * (x' * z)))).
used_formula([36], [para([6,a,1],[34,a,1,2,2,2]),rewrite([[5,3]]),flip(a)], x * (y * (y * (x' * y'))) = x' * (y * x)).
used_formula([37], [para([21,a,1],[36,a,2,2]),rewrite([[10,5],[9,5],[4,6],[6,5],[5,5],[4,6],[10,9],[9,9],[4,9]])], x' * (y * (x * (x * y'))) = y' * (x * y)).
used_formula([38], [para([36,a,1],[30,a,1,2,2,2]),rewrite([[9,11],[21,12],[21,10]])], x * (y * (x * (y' * (x' * y)))) = y * x).
used_formula([40], [para([9,a,1],[37,a,1,2,2,2,2]),rewrite([[32,5],[9,8]])], x' * (y * (x * (y' * x))) = y * (x * y')).
used_formula([41], [para([37,a,1],[25,a,2,2]),rewrite([[9,2],[4,10],[4,9],[4,8],[26,8],[21,6]]),flip(a)], x' * (y' * (x * y)) = x * (y * (x' * y'))).
used_formula([42], [para([27,a,1],[37,a,2,2]),rewrite([[10,10],[10,9],[10,8],[9,7],[4,9],[4,11],[4,10],[27,12],[4,11],[4,10],[4,9],[22,8],[21,6],[22,6],[10,8],[10,7],[10,6],[9,5],[4,7],[4,9],[4,8],[4,12],[4,11],[4,10],[33,9],[37,10],[41,8]]),flip(a)], x * (y * (x * (y' * x'))) = y * (x * y')).
used_formula([43], [para([37,a,1],[34,a,2,2,2]),rewrite([[9,5],[22,6],[33,5],[37,6],[9,6]]),flip(a)], x * (y' * (x * (y * x'))) = y' * (x * y)).
used_formula([44], [para([42,a,1],[30,a,1,2,2,2]),rewrite([[9,3],[21,4],[9,5],[28,8]])], x * (y * (y * x)) = y * (x * (x * y))).
used_formula([45], [para([36,a,1],[44,a,1,2,2]),rewrite([[21,9],[4,7],[4,6],[4,5],[22,4],[7,2],[5,2],[4,12],[4,11],[4,10],[4,13],[4,12],[4,11],[22,10],[30,9]]),flip(a)], x * (y * (x' * (x' * (y * x)))) = y * y).
used_formula([46], [para([40,a,1],[29,a,2,2]),rewrite([[4,25],[4,24],[4,23],[34,23],[34,26],[22,23],[22,24],[4,23],[4,22],[4,21],[21,20],[22,18],[30,17],[21,12],[22,12],[22,10],[7,8],[5,8],[40,7],[40,24],[4,23],[4,22],[4,21],[21,20],[22,18],[37,18],[41,16],[40,23]]),flip(b),xx(a)], x' * (y * (x * y')) = x * (y * (x' * y'))).
used_formula([47], [back_rewrite(43),rewrite([[46,5],[42,6]]),flip(a)], x' * (y * x) = x * (y * x')).
used_formula([48], [back_rewrite(45),rewrite([[47,4],[22,5]])], x * (y * (y * x')) = y * y).
used_formula([49], [back_rewrite(38),rewrite([[47,4],[42,6]])], x * (x * (y * x')) = y * x).
used_formula([50], [back_rewrite(37),rewrite([[48,5],[22,3],[47,3]]),flip(a)], x * (y * x') = y).
used_formula([53], [back_rewrite(49),rewrite([[50,3]])], x * y = y * x # label(non_clause) # label(goal)).
used_formula([54], [resolve(53,a,20,a)], $F).
fileende.
